# JRE version: OpenJDK Runtime Environment Temurin-21.0.8+9 (21.0.8+9) (build 21.0.8+9-LTS)
# Java VM: OpenJDK 64-Bit Server VM Temurin-21.0.8+9 (21.0.8+9-LTS, mixed mode, sharing, tiered, compressed oops, compressed class ptrs, parallel gc, windows-amd64)
GC Precious Log:
 CardTable entry size: 512
 CPUs: 2 total, 2 available
 Memory: 3910M
 Large Page Support: Disabled
 NUMA Support: Disabled
 Compressed Oops: Enabled (32-bit)
 Alignments: Space 512K, Generation 512K, Heap 2M
 Heap Min Capacity: 100M
 Heap Initial Capacity: 100M
 Heap Max Capacity: 2G
 Pre-touch: Disabled
 Parallel Workers: 2
Heap:
 PSYoungGen      total 3072K, used 2468K [0x00000000d5580000, 0x00000000d5900000, 0x0000000100000000)
  eden space 2560K, 84% used [0x00000000d5580000,0x00000000d579d158,0x00000000d5800000)
  from space 512K, 59% used [0x00000000d5880000,0x00000000d58cc030,0x00000000d5900000)
  to   space 512K, 0% used [0x00000000d5800000,0x00000000d5800000,0x00000000d5880000)
 ParOldGen       total 456704K, used 456641K [0x0000000080000000, 0x000000009be00000, 0x00000000d5580000)
  object space 456704K, 99% used [0x0000000080000000,0x000000009bdf07d8,0x000000009be00000)
 Metaspace       used 81002K, committed 82688K, reserved 1179648K
  class space    used 8284K, committed 9024K, reserved 1048576K
GC Heap History (20 events):
Event: 1356.369 GC heap before
{Heap before GC invocations=921 (full 4):
 PSYoungGen      total 2048K, used 1800K [0x00000000d5580000, 0x00000000d5900000, 0x0000000100000000)
  eden space 1024K, 100% used [0x00000000d5580000,0x00000000d5680000,0x00000000d5680000)
  from space 1024K, 75% used [0x00000000d5800000,0x00000000d58c2000,0x00000000d5900000)
  to   space 1024K, 0% used [0x00000000d5680000,0x00000000d5680000,0x00000000d5780000)
 ParOldGen       total 451072K, used 450926K [0x0000000080000000, 0x000000009b880000, 0x00000000d5580000)
  object space 451072K, 99% used [0x0000000080000000,0x000000009b85bbf8,0x000000009b880000)
 Metaspace       used 80999K, committed 82688K, reserved 1179648K
  class space    used 8284K, committed 9024K, reserved 1048576K
}
Event: 1356.373 GC heap after
{Heap after GC invocations=921 (full 4):
 PSYoungGen      total 2048K, used 496K [0x00000000d5580000, 0x00000000d5880000, 0x0000000100000000)
  eden space 1024K, 0% used [0x00000000d5580000,0x00000000d5580000,0x00000000d5680000)
  from space 1024K, 48% used [0x00000000d5680000,0x00000000d56fc000,0x00000000d5780000)
  to   space 1024K, 0% used [0x00000000d5780000,0x00000000d5780000,0x00000000d5880000)
 ParOldGen       total 451584K, used 451502K [0x0000000080000000, 0x000000009b900000, 0x00000000d5580000)
  object space 451584K, 99% used [0x0000000080000000,0x000000009b8ebbf8,0x000000009b900000)
 Metaspace       used 80999K, committed 82688K, reserved 1179648K
  class space    used 8284K, committed 9024K, reserved 1048576K
}
Event: 1356.389 GC heap before
{Heap before GC invocations=922 (full 4):
 PSYoungGen      total 2048K, used 1520K [0x00000000d5580000, 0x00000000d5880000, 0x0000000100000000)
  eden space 1024K, 100% used [0x00000000d5580000,0x00000000d5680000,0x00000000d5680000)
  from space 1024K, 48% used [0x00000000d5680000,0x00000000d56fc000,0x00000000d5780000)
  to   space 1024K, 0% used [0x00000000d5780000,0x00000000d5780000,0x00000000d5880000)
 ParOldGen       total 451584K, used 451502K [0x0000000080000000, 0x000000009b900000, 0x00000000d5580000)
  object space 451584K, 99% used [0x0000000080000000,0x000000009b8ebbf8,0x000000009b900000)
 Metaspace       used 80999K, committed 82688K, reserved 1179648K
  class space    used 8284K, committed 9024K, reserved 1048576K
}
Event: 1356.394 GC heap after
{Heap after GC invocations=922 (full 4):
 PSYoungGen      total 1536K, used 1024K [0x00000000d5580000, 0x00000000d5a00000, 0x0000000100000000)
  eden space 512K, 0% used [0x00000000d5580000,0x00000000d5580000,0x00000000d5600000)
  from space 1024K, 100% used [0x00000000d5780000,0x00000000d5880000,0x00000000d5880000)
  to   space 1536K, 0% used [0x00000000d5600000,0x00000000d5600000,0x00000000d5780000)
 ParOldGen       total 452096K, used 451646K [0x0000000080000000, 0x000000009b980000, 0x00000000d5580000)
  object space 452096K, 99% used [0x0000000080000000,0x000000009b90fbf8,0x000000009b980000)
 Metaspace       used 80999K, committed 82688K, reserved 1179648K
  class space    used 8284K, committed 9024K, reserved 1048576K
}
Event: 1356.413 GC heap before
{Heap before GC invocations=923 (full 4):
 PSYoungGen      total 1536K, used 1536K [0x00000000d5580000, 0x00000000d5a00000, 0x0000000100000000)
  eden space 512K, 100% used [0x00000000d5580000,0x00000000d5600000,0x00000000d5600000)
  from space 1024K, 100% used [0x00000000d5780000,0x00000000d5880000,0x00000000d5880000)
  to   space 1536K, 0% used [0x00000000d5600000,0x00000000d5600000,0x00000000d5780000)
 ParOldGen       total 452096K, used 451646K [0x0000000080000000, 0x000000009b980000, 0x00000000d5580000)
  object space 452096K, 99% used [0x0000000080000000,0x000000009b90fbf8,0x000000009b980000)
 Metaspace       used 80999K, committed 82688K, reserved 1179648K
  class space    used 8284K, committed 9024K, reserved 1048576K
}
Event: 1356.417 GC heap after
{Heap after GC invocations=923 (full 4):
 PSYoungGen      total 2048K, used 535K [0x00000000d5580000, 0x00000000d5880000, 0x0000000100000000)
  eden space 512K, 0% used [0x00000000d5580000,0x00000000d5580000,0x00000000d5600000)
  from space 1536K, 34% used [0x00000000d5600000,0x00000000d5685f80,0x00000000d5780000)
  to   space 1024K, 0% used [0x00000000d5780000,0x00000000d5780000,0x00000000d5880000)
 ParOldGen       total 453120K, used 452654K [0x0000000080000000, 0x000000009ba80000, 0x00000000d5580000)
  object space 453120K, 99% used [0x0000000080000000,0x000000009ba0bbf8,0x000000009ba80000)
 Metaspace       used 80999K, committed 82688K, reserved 1179648K
  class space    used 8284K, committed 9024K, reserved 1048576K
}
Event: 1356.421 GC heap before
{Heap before GC invocations=924 (full 4):
 PSYoungGen      total 2048K, used 1047K [0x00000000d5580000, 0x00000000d5880000, 0x0000000100000000)
  eden space 512K, 100% used [0x00000000d5580000,0x00000000d5600000,0x00000000d5600000)
  from space 1536K, 34% used [0x00000000d5600000,0x00000000d5685f80,0x00000000d5780000)
  to   space 1024K, 0% used [0x00000000d5780000,0x00000000d5780000,0x00000000d5880000)
 ParOldGen       total 453120K, used 452654K [0x0000000080000000, 0x000000009ba80000, 0x00000000d5580000)
  object space 453120K, 99% used [0x0000000080000000,0x000000009ba0bbf8,0x000000009ba80000)
 Metaspace       used 80999K, committed 82688K, reserved 1179648K
  class space    used 8284K, committed 9024K, reserved 1048576K
}
Event: 1356.425 GC heap after
{Heap after GC invocations=924 (full 4):
 PSYoungGen      total 2048K, used 512K [0x00000000d5580000, 0x00000000d5880000, 0x0000000100000000)
  eden space 1024K, 0% used [0x00000000d5580000,0x00000000d5580000,0x00000000d5680000)
  from space 1024K, 50% used [0x00000000d5780000,0x00000000d5800000,0x00000000d5880000)
  to   space 1024K, 0% used [0x00000000d5680000,0x00000000d5680000,0x00000000d5780000)
 ParOldGen       total 453632K, used 453158K [0x0000000080000000, 0x000000009bb00000, 0x00000000d5580000)
  object space 453632K, 99% used [0x0000000080000000,0x000000009ba89b78,0x000000009bb00000)
 Metaspace       used 80999K, committed 82688K, reserved 1179648K
  class space    used 8284K, committed 9024K, reserved 1048576K
}
Event: 1356.429 GC heap before
{Heap before GC invocations=925 (full 4):
 PSYoungGen      total 2048K, used 1536K [0x00000000d5580000, 0x00000000d5880000, 0x0000000100000000)
  eden space 1024K, 100% used [0x00000000d5580000,0x00000000d5680000,0x00000000d5680000)
  from space 1024K, 50% used [0x00000000d5780000,0x00000000d5800000,0x00000000d5880000)
  to   space 1024K, 0% used [0x00000000d5680000,0x00000000d5680000,0x00000000d5780000)
 ParOldGen       total 453632K, used 453158K [0x0000000080000000, 0x000000009bb00000, 0x00000000d5580000)
  object space 453632K, 99% used [0x0000000080000000,0x000000009ba89b78,0x000000009bb00000)
 Metaspace       used 80999K, committed 82688K, reserved 1179648K
  class space    used 8284K, committed 9024K, reserved 1048576K
}
Event: 1356.433 GC heap after
{Heap after GC invocations=925 (full 4):
 PSYoungGen      total 2048K, used 1024K [0x00000000d5580000, 0x00000000d5a00000, 0x0000000100000000)
  eden space 1024K, 0% used [0x00000000d5580000,0x00000000d5580000,0x00000000d5680000)
  from space 1024K, 100% used [0x00000000d5680000,0x00000000d5780000,0x00000000d5780000)
  to   space 1536K, 0% used [0x00000000d5880000,0x00000000d5880000,0x00000000d5a00000)
 ParOldGen       total 454144K, used 453646K [0x0000000080000000, 0x000000009bb80000, 0x00000000d5580000)
  object space 454144K, 99% used [0x0000000080000000,0x000000009bb03b78,0x000000009bb80000)
 Metaspace       used 80999K, committed 82688K, reserved 1179648K
  class space    used 8284K, committed 9024K, reserved 1048576K
}
Event: 1356.437 GC heap before
{Heap before GC invocations=926 (full 4):
 PSYoungGen      total 2048K, used 2048K [0x00000000d5580000, 0x00000000d5a00000, 0x0000000100000000)
  eden space 1024K, 100% used [0x00000000d5580000,0x00000000d5680000,0x00000000d5680000)
  from space 1024K, 100% used [0x00000000d5680000,0x00000000d5780000,0x00000000d5780000)
  to   space 1536K, 0% used [0x00000000d5880000,0x00000000d5880000,0x00000000d5a00000)
 ParOldGen       total 454144K, used 453646K [0x0000000080000000, 0x000000009bb80000, 0x00000000d5580000)
  object space 454144K, 99% used [0x0000000080000000,0x000000009bb03b78,0x000000009bb80000)
 Metaspace       used 80999K, committed 82688K, reserved 1179648K
  class space    used 8284K, committed 9024K, reserved 1048576K
}
Event: 1356.443 GC heap after
{Heap after GC invocations=926 (full 4):
 PSYoungGen      total 3072K, used 1024K [0x00000000d5580000, 0x00000000d5a00000, 0x0000000100000000)
  eden space 1536K, 0% used [0x00000000d5580000,0x00000000d5580000,0x00000000d5700000)
  from space 1536K, 66% used [0x00000000d5880000,0x00000000d5980000,0x00000000d5a00000)
  to   space 1536K, 0% used [0x00000000d5700000,0x00000000d5700000,0x00000000d5880000)
 ParOldGen       total 454656K, used 454654K [0x0000000080000000, 0x000000009bc00000, 0x00000000d5580000)
  object space 454656K, 99% used [0x0000000080000000,0x000000009bbffb78,0x000000009bc00000)
 Metaspace       used 80999K, committed 82688K, reserved 1179648K
  class space    used 8284K, committed 9024K, reserved 1048576K
}
Event: 1356.543 GC heap before
{Heap before GC invocations=927 (full 4):
 PSYoungGen      total 3072K, used 2554K [0x00000000d5580000, 0x00000000d5a00000, 0x0000000100000000)
  eden space 1536K, 99% used [0x00000000d5580000,0x00000000d56fe838,0x00000000d5700000)
  from space 1536K, 66% used [0x00000000d5880000,0x00000000d5980000,0x00000000d5a00000)
  to   space 1536K, 0% used [0x00000000d5700000,0x00000000d5700000,0x00000000d5880000)
 ParOldGen       total 454656K, used 454654K [0x0000000080000000, 0x000000009bc00000, 0x00000000d5580000)
  object space 454656K, 99% used [0x0000000080000000,0x000000009bbffb78,0x000000009bc00000)
 Metaspace       used 80999K, committed 82688K, reserved 1179648K
  class space    used 8284K, committed 9024K, reserved 1048576K
}
Event: 1356.548 GC heap after
{Heap after GC invocations=927 (full 4):
 PSYoungGen      total 3072K, used 1008K [0x00000000d5580000, 0x00000000d5980000, 0x0000000100000000)
  eden space 1536K, 0% used [0x00000000d5580000,0x00000000d5580000,0x00000000d5700000)
  from space 1536K, 65% used [0x00000000d5700000,0x00000000d57fc010,0x00000000d5880000)
  to   space 1024K, 0% used [0x00000000d5880000,0x00000000d5880000,0x00000000d5980000)
 ParOldGen       total 455680K, used 455662K [0x0000000080000000, 0x000000009bd00000, 0x00000000d5580000)
  object space 455680K, 99% used [0x0000000080000000,0x000000009bcfbb78,0x000000009bd00000)
 Metaspace       used 80999K, committed 82688K, reserved 1179648K
  class space    used 8284K, committed 9024K, reserved 1048576K
}
Event: 1356.823 GC heap before
{Heap before GC invocations=928 (full 4):
 PSYoungGen      total 3072K, used 2543K [0x00000000d5580000, 0x00000000d5980000, 0x0000000100000000)
  eden space 1536K, 99% used [0x00000000d5580000,0x00000000d56ffe50,0x00000000d5700000)
  from space 1536K, 65% used [0x00000000d5700000,0x00000000d57fc010,0x00000000d5880000)
  to   space 1024K, 0% used [0x00000000d5880000,0x00000000d5880000,0x00000000d5980000)
 ParOldGen       total 455680K, used 455662K [0x0000000080000000, 0x000000009bd00000, 0x00000000d5580000)
  object space 455680K, 99% used [0x0000000080000000,0x000000009bcfbb78,0x000000009bd00000)
 Metaspace       used 80999K, committed 82688K, reserved 1179648K
  class space    used 8284K, committed 9024K, reserved 1048576K
}
Event: 1356.827 GC heap after
{Heap after GC invocations=928 (full 4):
 PSYoungGen      total 2560K, used 144K [0x00000000d5580000, 0x00000000d5900000, 0x0000000100000000)
  eden space 2048K, 0% used [0x00000000d5580000,0x00000000d5580000,0x00000000d5780000)
  from space 512K, 28% used [0x00000000d5880000,0x00000000d58a4010,0x00000000d5900000)
  to   space 512K, 0% used [0x00000000d5800000,0x00000000d5800000,0x00000000d5880000)
 ParOldGen       total 456704K, used 456588K [0x0000000080000000, 0x000000009be00000, 0x00000000d5580000)
  object space 456704K, 99% used [0x0000000080000000,0x000000009bde31a8,0x000000009be00000)
 Metaspace       used 80999K, committed 82688K, reserved 1179648K
  class space    used 8284K, committed 9024K, reserved 1048576K
}
Event: 1356.840 GC heap before
{Heap before GC invocations=929 (full 4):
 PSYoungGen      total 2560K, used 2192K [0x00000000d5580000, 0x00000000d5900000, 0x0000000100000000)
  eden space 2048K, 100% used [0x00000000d5580000,0x00000000d5780000,0x00000000d5780000)
  from space 512K, 28% used [0x00000000d5880000,0x00000000d58a4010,0x00000000d5900000)
  to   space 512K, 0% used [0x00000000d5800000,0x00000000d5800000,0x00000000d5880000)
 ParOldGen       total 456704K, used 456588K [0x0000000080000000, 0x000000009be00000, 0x00000000d5580000)
  object space 456704K, 99% used [0x0000000080000000,0x000000009bde31a8,0x000000009be00000)
 Metaspace       used 80999K, committed 82688K, reserved 1179648K
  class space    used 8284K, committed 9024K, reserved 1048576K
}
Event: 1356.843 GC heap after
{Heap after GC invocations=929 (full 4):
 PSYoungGen      total 3072K, used 336K [0x00000000d5580000, 0x00000000d5900000, 0x0000000100000000)
  eden space 2560K, 0% used [0x00000000d5580000,0x00000000d5580000,0x00000000d5800000)
  from space 512K, 65% used [0x00000000d5800000,0x00000000d5854010,0x00000000d5880000)
  to   space 512K, 0% used [0x00000000d5880000,0x00000000d5880000,0x00000000d5900000)
 ParOldGen       total 456704K, used 456633K [0x0000000080000000, 0x000000009be00000, 0x00000000d5580000)
  object space 456704K, 99% used [0x0000000080000000,0x000000009bdee7d8,0x000000009be00000)
 Metaspace       used 80999K, committed 82688K, reserved 1179648K
  class space    used 8284K, committed 9024K, reserved 1048576K
}
Event: 1357.992 GC heap before
{Heap before GC invocations=930 (full 4):
 PSYoungGen      total 3072K, used 2896K [0x00000000d5580000, 0x00000000d5900000, 0x0000000100000000)
  eden space 2560K, 100% used [0x00000000d5580000,0x00000000d5800000,0x00000000d5800000)
  from space 512K, 65% used [0x00000000d5800000,0x00000000d5854010,0x00000000d5880000)
  to   space 512K, 0% used [0x00000000d5880000,0x00000000d5880000,0x00000000d5900000)
 ParOldGen       total 456704K, used 456633K [0x0000000080000000, 0x000000009be00000, 0x00000000d5580000)
  object space 456704K, 99% used [0x0000000080000000,0x000000009bdee7d8,0x000000009be00000)
 Metaspace       used 81002K, committed 82688K, reserved 1179648K
  class space    used 8284K, committed 9024K, reserved 1048576K
}
Event: 1357.994 GC heap after
{Heap after GC invocations=930 (full 4):
 PSYoungGen      total 3072K, used 304K [0x00000000d5580000, 0x00000000d5900000, 0x0000000100000000)
  eden space 2560K, 0% used [0x00000000d5580000,0x00000000d5580000,0x00000000d5800000)
  from space 512K, 59% used [0x00000000d5880000,0x00000000d58cc030,0x00000000d5900000)
  to   space 512K, 0% used [0x00000000d5800000,0x00000000d5800000,0x00000000d5880000)
 ParOldGen       total 456704K, used 456641K [0x0000000080000000, 0x000000009be00000, 0x00000000d5580000)
  object space 456704K, 99% used [0x0000000080000000,0x000000009bdf07d8,0x000000009be00000)
 Metaspace       used 81002K, committed 82688K, reserved 1179648K
  class space    used 8284K, committed 9024K, reserved 1048576K
}

