# JRE version: OpenJDK Runtime Environment Temurin-21.0.8+9 (21.0.8+9) (build 21.0.8+9-LTS)
# Java VM: OpenJDK 64-Bit Server VM Temurin-21.0.8+9 (21.0.8+9-LTS, mixed mode, sharing, tiered, compressed oops, compressed class ptrs, parallel gc, windows-amd64)
GC Precious Log:
 CardTable entry size: 512
 CPUs: 2 total, 2 available
 Memory: 3910M
 Large Page Support: Disabled
 NUMA Support: Disabled
 Compressed Oops: Enabled (32-bit)
 Alignments: Space 512K, Generation 512K, Heap 2M
 Heap Min Capacity: 100M
 Heap Initial Capacity: 100M
 Heap Max Capacity: 2G
 Pre-touch: Disabled
 Parallel Workers: 2
Heap:
 PSYoungGen      total 2560K, used 1022K [0x00000000d5580000, 0x00000000d5880000, 0x0000000100000000)
  eden space 2048K, 49% used [0x00000000d5580000,0x00000000d567f998,0x00000000d5780000)
  from space 512K, 0% used [0x00000000d5800000,0x00000000d5800000,0x00000000d5880000)
  to   space 512K, 0% used [0x00000000d5780000,0x00000000d5780000,0x00000000d5800000)
 ParOldGen       total 678400K, used 92191K [0x0000000080000000, 0x00000000a9680000, 0x00000000d5580000)
  object space 678400K, 13% used [0x0000000080000000,0x0000000085a07f68,0x00000000a9680000)
 Metaspace       used 82737K, committed 84800K, reserved 1179648K
  class space    used 8330K, committed 9280K, reserved 1048576K
GC Heap History (20 events):
Event: 2138.695 GC heap before
{Heap before GC invocations=1440 (full 4):
 PSYoungGen      total 2560K, used 2557K [0x00000000d5580000, 0x00000000d5a00000, 0x0000000100000000)
  eden space 1536K, 100% used [0x00000000d5580000,0x00000000d5700000,0x00000000d5700000)
  from space 1024K, 99% used [0x00000000d5700000,0x00000000d57ff520,0x00000000d5800000)
  to   space 1536K, 0% used [0x00000000d5880000,0x00000000d5880000,0x00000000d5a00000)
 ParOldGen       total 670208K, used 670171K [0x0000000080000000, 0x00000000a8e80000, 0x00000000d5580000)
  object space 670208K, 99% used [0x0000000080000000,0x00000000a8e76ec8,0x00000000a8e80000)
 Metaspace       used 82911K, committed 84736K, reserved 1179648K
  class space    used 8401K, committed 9280K, reserved 1048576K
}
Event: 2138.701 GC heap after
{Heap after GC invocations=1440 (full 4):
 PSYoungGen      total 2048K, used 1536K [0x00000000d5580000, 0x00000000d5d80000, 0x0000000100000000)
  eden space 512K, 0% used [0x00000000d5580000,0x00000000d5580000,0x00000000d5600000)
  from space 1536K, 100% used [0x00000000d5880000,0x00000000d5a00000,0x00000000d5a00000)
  to   space 2560K, 0% used [0x00000000d5600000,0x00000000d5600000,0x00000000d5880000)
 ParOldGen       total 671232K, used 671176K [0x0000000080000000, 0x00000000a8f80000, 0x00000000d5580000)
  object space 671232K, 99% used [0x0000000080000000,0x00000000a8f723e8,0x00000000a8f80000)
 Metaspace       used 82911K, committed 84736K, reserved 1179648K
  class space    used 8401K, committed 9280K, reserved 1048576K
}
Event: 2138.703 GC heap before
{Heap before GC invocations=1441 (full 4):
 PSYoungGen      total 2048K, used 2048K [0x00000000d5580000, 0x00000000d5d80000, 0x0000000100000000)
  eden space 512K, 100% used [0x00000000d5580000,0x00000000d5600000,0x00000000d5600000)
  from space 1536K, 100% used [0x00000000d5880000,0x00000000d5a00000,0x00000000d5a00000)
  to   space 2560K, 0% used [0x00000000d5600000,0x00000000d5600000,0x00000000d5880000)
 ParOldGen       total 671232K, used 671176K [0x0000000080000000, 0x00000000a8f80000, 0x00000000d5580000)
  object space 671232K, 99% used [0x0000000080000000,0x00000000a8f723e8,0x00000000a8f80000)
 Metaspace       used 82911K, committed 84736K, reserved 1179648K
  class space    used 8401K, committed 9280K, reserved 1048576K
}
Event: 2138.708 GC heap after
{Heap after GC invocations=1441 (full 4):
 PSYoungGen      total 1024K, used 512K [0x00000000d5580000, 0x00000000d5980000, 0x0000000100000000)
  eden space 512K, 0% used [0x00000000d5580000,0x00000000d5580000,0x00000000d5600000)
  from space 512K, 100% used [0x00000000d5600000,0x00000000d5680000,0x00000000d5680000)
  to   space 1536K, 0% used [0x00000000d5800000,0x00000000d5800000,0x00000000d5980000)
 ParOldGen       total 672768K, used 672704K [0x0000000080000000, 0x00000000a9100000, 0x00000000d5580000)
  object space 672768K, 99% used [0x0000000080000000,0x00000000a90f03e8,0x00000000a9100000)
 Metaspace       used 82911K, committed 84736K, reserved 1179648K
  class space    used 8401K, committed 9280K, reserved 1048576K
}
Event: 2138.709 GC heap before
{Heap before GC invocations=1442 (full 4):
 PSYoungGen      total 1024K, used 1023K [0x00000000d5580000, 0x00000000d5980000, 0x0000000100000000)
  eden space 512K, 99% used [0x00000000d5580000,0x00000000d55fffb8,0x00000000d5600000)
  from space 512K, 100% used [0x00000000d5600000,0x00000000d5680000,0x00000000d5680000)
  to   space 1536K, 0% used [0x00000000d5800000,0x00000000d5800000,0x00000000d5980000)
 ParOldGen       total 672768K, used 672704K [0x0000000080000000, 0x00000000a9100000, 0x00000000d5580000)
  object space 672768K, 99% used [0x0000000080000000,0x00000000a90f03e8,0x00000000a9100000)
 Metaspace       used 82911K, committed 84736K, reserved 1179648K
  class space    used 8401K, committed 9280K, reserved 1048576K
}
Event: 2138.713 GC heap after
{Heap after GC invocations=1442 (full 4):
 PSYoungGen      total 1536K, used 512K [0x00000000d5580000, 0x00000000d5880000, 0x0000000100000000)
  eden space 1024K, 0% used [0x00000000d5580000,0x00000000d5580000,0x00000000d5680000)
  from space 512K, 100% used [0x00000000d5800000,0x00000000d5880000,0x00000000d5880000)
  to   space 1024K, 0% used [0x00000000d5680000,0x00000000d5680000,0x00000000d5780000)
 ParOldGen       total 673280K, used 673200K [0x0000000080000000, 0x00000000a9180000, 0x00000000d5580000)
  object space 673280K, 99% used [0x0000000080000000,0x00000000a916c3e8,0x00000000a9180000)
 Metaspace       used 82911K, committed 84736K, reserved 1179648K
  class space    used 8401K, committed 9280K, reserved 1048576K
}
Event: 2142.593 GC heap before
{Heap before GC invocations=1443 (full 4):
 PSYoungGen      total 1536K, used 1536K [0x00000000d5580000, 0x00000000d5880000, 0x0000000100000000)
  eden space 1024K, 100% used [0x00000000d5580000,0x00000000d5680000,0x00000000d5680000)
  from space 512K, 100% used [0x00000000d5800000,0x00000000d5880000,0x00000000d5880000)
  to   space 1024K, 0% used [0x00000000d5680000,0x00000000d5680000,0x00000000d5780000)
 ParOldGen       total 673280K, used 673200K [0x0000000080000000, 0x00000000a9180000, 0x00000000d5580000)
  object space 673280K, 99% used [0x0000000080000000,0x00000000a916c3e8,0x00000000a9180000)
 Metaspace       used 82918K, committed 84736K, reserved 1179648K
  class space    used 8401K, committed 9280K, reserved 1048576K
}
Event: 2142.601 GC heap after
{Heap after GC invocations=1443 (full 4):
 PSYoungGen      total 2048K, used 640K [0x00000000d5580000, 0x00000000d5900000, 0x0000000100000000)
  eden space 1024K, 0% used [0x00000000d5580000,0x00000000d5580000,0x00000000d5680000)
  from space 1024K, 62% used [0x00000000d5680000,0x00000000d5720000,0x00000000d5780000)
  to   space 1024K, 0% used [0x00000000d5800000,0x00000000d5800000,0x00000000d5900000)
 ParOldGen       total 673792K, used 673696K [0x0000000080000000, 0x00000000a9200000, 0x00000000d5580000)
  object space 673792K, 99% used [0x0000000080000000,0x00000000a91e83e8,0x00000000a9200000)
 Metaspace       used 82918K, committed 84736K, reserved 1179648K
  class space    used 8401K, committed 9280K, reserved 1048576K
}
Event: 2142.610 GC heap before
{Heap before GC invocations=1444 (full 4):
 PSYoungGen      total 2048K, used 1664K [0x00000000d5580000, 0x00000000d5900000, 0x0000000100000000)
  eden space 1024K, 100% used [0x00000000d5580000,0x00000000d5680000,0x00000000d5680000)
  from space 1024K, 62% used [0x00000000d5680000,0x00000000d5720000,0x00000000d5780000)
  to   space 1024K, 0% used [0x00000000d5800000,0x00000000d5800000,0x00000000d5900000)
 ParOldGen       total 673792K, used 673696K [0x0000000080000000, 0x00000000a9200000, 0x00000000d5580000)
  object space 673792K, 99% used [0x0000000080000000,0x00000000a91e83e8,0x00000000a9200000)
 Metaspace       used 82918K, committed 84736K, reserved 1179648K
  class space    used 8401K, committed 9280K, reserved 1048576K
}
Event: 2142.616 GC heap after
{Heap after GC invocations=1444 (full 4):
 PSYoungGen      total 2048K, used 96K [0x00000000d5580000, 0x00000000d5880000, 0x0000000100000000)
  eden space 1536K, 0% used [0x00000000d5580000,0x00000000d5580000,0x00000000d5700000)
  from space 512K, 18% used [0x00000000d5800000,0x00000000d5818020,0x00000000d5880000)
  to   space 512K, 0% used [0x00000000d5780000,0x00000000d5780000,0x00000000d5800000)
 ParOldGen       total 674304K, used 674296K [0x0000000080000000, 0x00000000a9280000, 0x00000000d5580000)
  object space 674304K, 99% used [0x0000000080000000,0x00000000a927e3e8,0x00000000a9280000)
 Metaspace       used 82918K, committed 84736K, reserved 1179648K
  class space    used 8401K, committed 9280K, reserved 1048576K
}
Event: 2142.687 GC heap before
{Heap before GC invocations=1445 (full 4):
 PSYoungGen      total 2048K, used 1632K [0x00000000d5580000, 0x00000000d5880000, 0x0000000100000000)
  eden space 1536K, 100% used [0x00000000d5580000,0x00000000d5700000,0x00000000d5700000)
  from space 512K, 18% used [0x00000000d5800000,0x00000000d5818020,0x00000000d5880000)
  to   space 512K, 0% used [0x00000000d5780000,0x00000000d5780000,0x00000000d5800000)
 ParOldGen       total 676352K, used 676118K [0x0000000080000000, 0x00000000a9480000, 0x00000000d5580000)
  object space 676352K, 99% used [0x0000000080000000,0x00000000a94459d0,0x00000000a9480000)
 Metaspace       used 82939K, committed 84736K, reserved 1179648K
  class space    used 8401K, committed 9280K, reserved 1048576K
}
Event: 2142.694 GC heap after
{Heap after GC invocations=1445 (full 4):
 PSYoungGen      total 2560K, used 256K [0x00000000d5580000, 0x00000000d5880000, 0x0000000100000000)
  eden space 2048K, 0% used [0x00000000d5580000,0x00000000d5580000,0x00000000d5780000)
  from space 512K, 50% used [0x00000000d5780000,0x00000000d57c0000,0x00000000d5800000)
  to   space 512K, 0% used [0x00000000d5800000,0x00000000d5800000,0x00000000d5880000)
 ParOldGen       total 676352K, used 676190K [0x0000000080000000, 0x00000000a9480000, 0x00000000d5580000)
  object space 676352K, 99% used [0x0000000080000000,0x00000000a94579f0,0x00000000a9480000)
 Metaspace       used 82939K, committed 84736K, reserved 1179648K
  class space    used 8401K, committed 9280K, reserved 1048576K
}
Event: 2142.770 GC heap before
{Heap before GC invocations=1446 (full 4):
 PSYoungGen      total 2560K, used 2147K [0x00000000d5580000, 0x00000000d5880000, 0x0000000100000000)
  eden space 2048K, 92% used [0x00000000d5580000,0x00000000d5758d40,0x00000000d5780000)
  from space 512K, 50% used [0x00000000d5780000,0x00000000d57c0000,0x00000000d5800000)
  to   space 512K, 0% used [0x00000000d5800000,0x00000000d5800000,0x00000000d5880000)
 ParOldGen       total 678400K, used 678011K [0x0000000080000000, 0x00000000a9680000, 0x00000000d5580000)
  object space 678400K, 99% used [0x0000000080000000,0x00000000a961efd8,0x00000000a9680000)
 Metaspace       used 82940K, committed 84736K, reserved 1179648K
  class space    used 8401K, committed 9280K, reserved 1048576K
}
Event: 2142.775 GC heap after
{Heap after GC invocations=1446 (full 4):
 PSYoungGen      total 2048K, used 480K [0x00000000d5580000, 0x00000000d5a00000, 0x0000000100000000)
  eden space 1536K, 0% used [0x00000000d5580000,0x00000000d5580000,0x00000000d5700000)
  from space 512K, 93% used [0x00000000d5800000,0x00000000d5878070,0x00000000d5880000)
  to   space 1024K, 0% used [0x00000000d5700000,0x00000000d5700000,0x00000000d5800000)
 ParOldGen       total 678400K, used 678027K [0x0000000080000000, 0x00000000a9680000, 0x00000000d5580000)
  object space 678400K, 99% used [0x0000000080000000,0x00000000a9622fd8,0x00000000a9680000)
 Metaspace       used 82940K, committed 84736K, reserved 1179648K
  class space    used 8401K, committed 9280K, reserved 1048576K
}
Event: 2142.787 GC heap before
{Heap before GC invocations=1447 (full 4):
 PSYoungGen      total 2048K, used 2016K [0x00000000d5580000, 0x00000000d5a00000, 0x0000000100000000)
  eden space 1536K, 100% used [0x00000000d5580000,0x00000000d5700000,0x00000000d5700000)
  from space 512K, 93% used [0x00000000d5800000,0x00000000d5878070,0x00000000d5880000)
  to   space 1024K, 0% used [0x00000000d5700000,0x00000000d5700000,0x00000000d5800000)
 ParOldGen       total 678400K, used 678027K [0x0000000080000000, 0x00000000a9680000, 0x00000000d5580000)
  object space 678400K, 99% used [0x0000000080000000,0x00000000a9622fd8,0x00000000a9680000)
 Metaspace       used 82945K, committed 84736K, reserved 1179648K
  class space    used 8401K, committed 9280K, reserved 1048576K
}
Event: 2142.792 GC heap after
{Heap after GC invocations=1447 (full 4):
 PSYoungGen      total 2560K, used 64K [0x00000000d5580000, 0x00000000d5880000, 0x0000000100000000)
  eden space 1536K, 0% used [0x00000000d5580000,0x00000000d5580000,0x00000000d5700000)
  from space 1024K, 6% used [0x00000000d5700000,0x00000000d5710000,0x00000000d5800000)
  to   space 512K, 0% used [0x00000000d5800000,0x00000000d5800000,0x00000000d5880000)
 ParOldGen       total 678400K, used 678035K [0x0000000080000000, 0x00000000a9680000, 0x00000000d5580000)
  object space 678400K, 99% used [0x0000000080000000,0x00000000a9624fd8,0x00000000a9680000)
 Metaspace       used 82945K, committed 84736K, reserved 1179648K
  class space    used 8401K, committed 9280K, reserved 1048576K
}
Event: 2142.884 GC heap before
{Heap before GC invocations=1448 (full 4):
 PSYoungGen      total 2560K, used 608K [0x00000000d5580000, 0x00000000d5880000, 0x0000000100000000)
  eden space 1536K, 35% used [0x00000000d5580000,0x00000000d5608250,0x00000000d5700000)
  from space 1024K, 6% used [0x00000000d5700000,0x00000000d5710000,0x00000000d5800000)
  to   space 512K, 0% used [0x00000000d5800000,0x00000000d5800000,0x00000000d5880000)
 ParOldGen       total 678400K, used 678035K [0x0000000080000000, 0x00000000a9680000, 0x00000000d5580000)
  object space 678400K, 99% used [0x0000000080000000,0x00000000a9624fd8,0x00000000a9680000)
 Metaspace       used 82964K, committed 84800K, reserved 1179648K
  class space    used 8401K, committed 9280K, reserved 1048576K
}
Event: 2142.890 GC heap after
{Heap after GC invocations=1448 (full 4):
 PSYoungGen      total 2560K, used 160K [0x00000000d5580000, 0x00000000d5880000, 0x0000000100000000)
  eden space 2048K, 0% used [0x00000000d5580000,0x00000000d5580000,0x00000000d5780000)
  from space 512K, 31% used [0x00000000d5800000,0x00000000d5828020,0x00000000d5880000)
  to   space 512K, 0% used [0x00000000d5780000,0x00000000d5780000,0x00000000d5800000)
 ParOldGen       total 678400K, used 678059K [0x0000000080000000, 0x00000000a9680000, 0x00000000d5580000)
  object space 678400K, 99% used [0x0000000080000000,0x00000000a962afe8,0x00000000a9680000)
 Metaspace       used 82964K, committed 84800K, reserved 1179648K
  class space    used 8401K, committed 9280K, reserved 1048576K
}
Event: 2142.893 GC heap before
{Heap before GC invocations=1449 (full 5):
 PSYoungGen      total 2560K, used 160K [0x00000000d5580000, 0x00000000d5880000, 0x0000000100000000)
  eden space 2048K, 0% used [0x00000000d5580000,0x00000000d5580000,0x00000000d5780000)
  from space 512K, 31% used [0x00000000d5800000,0x00000000d5828020,0x00000000d5880000)
  to   space 512K, 0% used [0x00000000d5780000,0x00000000d5780000,0x00000000d5800000)
 ParOldGen       total 678400K, used 678059K [0x0000000080000000, 0x00000000a9680000, 0x00000000d5580000)
  object space 678400K, 99% used [0x0000000080000000,0x00000000a962afe8,0x00000000a9680000)
 Metaspace       used 82964K, committed 84800K, reserved 1179648K
  class space    used 8401K, committed 9280K, reserved 1048576K
}
Event: 2146.963 GC heap after
{Heap after GC invocations=1449 (full 5):
 PSYoungGen      total 2560K, used 0K [0x00000000d5580000, 0x00000000d5880000, 0x0000000100000000)
  eden space 2048K, 0% used [0x00000000d5580000,0x00000000d5580000,0x00000000d5780000)
  from space 512K, 0% used [0x00000000d5800000,0x00000000d5800000,0x00000000d5880000)
  to   space 512K, 0% used [0x00000000d5780000,0x00000000d5780000,0x00000000d5800000)
 ParOldGen       total 678400K, used 92191K [0x0000000080000000, 0x00000000a9680000, 0x00000000d5580000)
  object space 678400K, 13% used [0x0000000080000000,0x0000000085a07f68,0x00000000a9680000)
 Metaspace       used 82708K, committed 84800K, reserved 1179648K
  class space    used 8330K, committed 9280K, reserved 1048576K
}

