# JRE version: OpenJDK Runtime Environment Temurin-21.0.8+9 (21.0.8+9) (build 21.0.8+9-LTS)
# Java VM: OpenJDK 64-Bit Server VM Temurin-21.0.8+9 (21.0.8+9-LTS, mixed mode, sharing, tiered, compressed oops, compressed class ptrs, parallel gc, windows-amd64)
GC Precious Log:
 CardTable entry size: 512
 CPUs: 2 total, 2 available
 Memory: 3910M
 Large Page Support: Disabled
 NUMA Support: Disabled
 Compressed Oops: Enabled (32-bit)
 Alignments: Space 512K, Generation 512K, Heap 2M
 Heap Min Capacity: 100M
 Heap Initial Capacity: 100M
 Heap Max Capacity: 2G
 Pre-touch: Disabled
 Parallel Workers: 2
Heap:
 PSYoungGen      total 5632K, used 5530K [0x00000000d5580000, 0x00000000d6000000, 0x0000000100000000)
  eden space 4096K, 100% used [0x00000000d5580000,0x00000000d5980000,0x00000000d5980000)
  from space 1536K, 93% used [0x00000000d5e80000,0x00000000d5fe69e0,0x00000000d6000000)
  to   space 2560K, 1% used [0x00000000d5b00000,0x00000000d5b10000,0x00000000d5d80000)
 ParOldGen       total 1083904K, used 1083896K [0x0000000080000000, 0x00000000c2280000, 0x00000000d5580000)
  object space 1083904K, 99% used [0x0000000080000000,0x00000000c227e090,0x00000000c2280000)
 Metaspace       used 85280K, committed 87104K, reserved 1179648K
  class space    used 8447K, committed 9280K, reserved 1048576K
GC Heap History (20 events):
Event: 1499.256 GC heap after
{Heap after GC invocations=3005 (full 5):
 PSYoungGen      total 4608K, used 224K [0x00000000d5580000, 0x00000000d5d00000, 0x0000000100000000)
  eden space 4096K, 0% used [0x00000000d5580000,0x00000000d5580000,0x00000000d5980000)
  from space 512K, 43% used [0x00000000d5c80000,0x00000000d5cb8020,0x00000000d5d00000)
  to   space 512K, 0% used [0x00000000d5c00000,0x00000000d5c00000,0x00000000d5c80000)
 ParOldGen       total 1072128K, used 1071950K [0x0000000080000000, 0x00000000c1700000, 0x00000000d5580000)
  object space 1072128K, 99% used [0x0000000080000000,0x00000000c16d3bc8,0x00000000c1700000)
 Metaspace       used 85228K, committed 86976K, reserved 1179648K
  class space    used 8441K, committed 9216K, reserved 1048576K
}
Event: 1499.317 GC heap before
{Heap before GC invocations=3006 (full 5):
 PSYoungGen      total 4608K, used 4320K [0x00000000d5580000, 0x00000000d5d00000, 0x0000000100000000)
  eden space 4096K, 99% used [0x00000000d5580000,0x00000000d597ffe8,0x00000000d5980000)
  from space 512K, 43% used [0x00000000d5c80000,0x00000000d5cb8020,0x00000000d5d00000)
  to   space 512K, 0% used [0x00000000d5c00000,0x00000000d5c00000,0x00000000d5c80000)
 ParOldGen       total 1072128K, used 1071950K [0x0000000080000000, 0x00000000c1700000, 0x00000000d5580000)
  object space 1072128K, 99% used [0x0000000080000000,0x00000000c16d3bc8,0x00000000c1700000)
 Metaspace       used 85229K, committed 86976K, reserved 1179648K
  class space    used 8441K, committed 9216K, reserved 1048576K
}
Event: 1499.325 GC heap after
{Heap after GC invocations=3006 (full 5):
 PSYoungGen      total 4608K, used 510K [0x00000000d5580000, 0x00000000d6280000, 0x0000000100000000)
  eden space 4096K, 0% used [0x00000000d5580000,0x00000000d5580000,0x00000000d5980000)
  from space 512K, 99% used [0x00000000d5c00000,0x00000000d5c7fa90,0x00000000d5c80000)
  to   space 4608K, 0% used [0x00000000d5e00000,0x00000000d5e00000,0x00000000d6280000)
 ParOldGen       total 1075200K, used 1075002K [0x0000000080000000, 0x00000000c1a00000, 0x00000000d5580000)
  object space 1075200K, 99% used [0x0000000080000000,0x00000000c19ceac8,0x00000000c1a00000)
 Metaspace       used 85229K, committed 86976K, reserved 1179648K
  class space    used 8441K, committed 9216K, reserved 1048576K
}
Event: 1499.342 GC heap before
{Heap before GC invocations=3007 (full 5):
 PSYoungGen      total 4608K, used 4599K [0x00000000d5580000, 0x00000000d6280000, 0x0000000100000000)
  eden space 4096K, 99% used [0x00000000d5580000,0x00000000d597e488,0x00000000d5980000)
  from space 512K, 99% used [0x00000000d5c00000,0x00000000d5c7fa90,0x00000000d5c80000)
  to   space 4608K, 0% used [0x00000000d5e00000,0x00000000d5e00000,0x00000000d6280000)
 ParOldGen       total 1075200K, used 1075002K [0x0000000080000000, 0x00000000c1a00000, 0x00000000d5580000)
  object space 1075200K, 99% used [0x0000000080000000,0x00000000c19ceac8,0x00000000c1a00000)
 Metaspace       used 85229K, committed 86976K, reserved 1179648K
  class space    used 8441K, committed 9216K, reserved 1048576K
}
Event: 1499.348 GC heap after
{Heap after GC invocations=3007 (full 5):
 PSYoungGen      total 4608K, used 480K [0x00000000d5580000, 0x00000000d5e80000, 0x0000000100000000)
  eden space 4096K, 0% used [0x00000000d5580000,0x00000000d5580000,0x00000000d5980000)
  from space 512K, 93% used [0x00000000d5e00000,0x00000000d5e78010,0x00000000d5e80000)
  to   space 2048K, 0% used [0x00000000d5a80000,0x00000000d5a80000,0x00000000d5c80000)
 ParOldGen       total 1075712K, used 1075513K [0x0000000080000000, 0x00000000c1a80000, 0x00000000d5580000)
  object space 1075712K, 99% used [0x0000000080000000,0x00000000c1a4e558,0x00000000c1a80000)
 Metaspace       used 85229K, committed 86976K, reserved 1179648K
  class space    used 8441K, committed 9216K, reserved 1048576K
}
Event: 1499.366 GC heap before
{Heap before GC invocations=3008 (full 5):
 PSYoungGen      total 4608K, used 4576K [0x00000000d5580000, 0x00000000d5e80000, 0x0000000100000000)
  eden space 4096K, 100% used [0x00000000d5580000,0x00000000d5980000,0x00000000d5980000)
  from space 512K, 93% used [0x00000000d5e00000,0x00000000d5e78010,0x00000000d5e80000)
  to   space 2048K, 0% used [0x00000000d5a80000,0x00000000d5a80000,0x00000000d5c80000)
 ParOldGen       total 1075712K, used 1075513K [0x0000000080000000, 0x00000000c1a80000, 0x00000000d5580000)
  object space 1075712K, 99% used [0x0000000080000000,0x00000000c1a4e558,0x00000000c1a80000)
 Metaspace       used 85229K, committed 86976K, reserved 1179648K
  class space    used 8441K, committed 9216K, reserved 1048576K
}
Event: 1499.374 GC heap after
{Heap after GC invocations=3008 (full 5):
 PSYoungGen      total 6144K, used 2045K [0x00000000d5580000, 0x00000000d6280000, 0x0000000100000000)
  eden space 4096K, 0% used [0x00000000d5580000,0x00000000d5580000,0x00000000d5980000)
  from space 2048K, 99% used [0x00000000d5a80000,0x00000000d5c7f530,0x00000000d5c80000)
  to   space 4608K, 0% used [0x00000000d5e00000,0x00000000d5e00000,0x00000000d6280000)
 ParOldGen       total 1077760K, used 1077278K [0x0000000080000000, 0x00000000c1c80000, 0x00000000d5580000)
  object space 1077760K, 99% used [0x0000000080000000,0x00000000c1c079e8,0x00000000c1c80000)
 Metaspace       used 85229K, committed 86976K, reserved 1179648K
  class space    used 8441K, committed 9216K, reserved 1048576K
}
Event: 1500.130 GC heap before
{Heap before GC invocations=3009 (full 5):
 PSYoungGen      total 6144K, used 6141K [0x00000000d5580000, 0x00000000d6280000, 0x0000000100000000)
  eden space 4096K, 100% used [0x00000000d5580000,0x00000000d5980000,0x00000000d5980000)
  from space 2048K, 99% used [0x00000000d5a80000,0x00000000d5c7f530,0x00000000d5c80000)
  to   space 4608K, 0% used [0x00000000d5e00000,0x00000000d5e00000,0x00000000d6280000)
 ParOldGen       total 1077760K, used 1077278K [0x0000000080000000, 0x00000000c1c80000, 0x00000000d5580000)
  object space 1077760K, 99% used [0x0000000080000000,0x00000000c1c079e8,0x00000000c1c80000)
 Metaspace       used 85229K, committed 86976K, reserved 1179648K
  class space    used 8441K, committed 9216K, reserved 1048576K
}
Event: 1500.136 GC heap after
{Heap after GC invocations=3009 (full 5):
 PSYoungGen      total 4608K, used 64K [0x00000000d5580000, 0x00000000d5e80000, 0x0000000100000000)
  eden space 4096K, 0% used [0x00000000d5580000,0x00000000d5580000,0x00000000d5980000)
  from space 512K, 12% used [0x00000000d5e00000,0x00000000d5e10000,0x00000000d5e80000)
  to   space 1536K, 0% used [0x00000000d5b80000,0x00000000d5b80000,0x00000000d5d00000)
 ParOldGen       total 1077760K, used 1077326K [0x0000000080000000, 0x00000000c1c80000, 0x00000000d5580000)
  object space 1077760K, 99% used [0x0000000080000000,0x00000000c1c139f8,0x00000000c1c80000)
 Metaspace       used 85229K, committed 86976K, reserved 1179648K
  class space    used 8441K, committed 9216K, reserved 1048576K
}
Event: 1500.165 GC heap before
{Heap before GC invocations=3010 (full 5):
 PSYoungGen      total 4608K, used 4160K [0x00000000d5580000, 0x00000000d5e80000, 0x0000000100000000)
  eden space 4096K, 100% used [0x00000000d5580000,0x00000000d5980000,0x00000000d5980000)
  from space 512K, 12% used [0x00000000d5e00000,0x00000000d5e10000,0x00000000d5e80000)
  to   space 1536K, 0% used [0x00000000d5b80000,0x00000000d5b80000,0x00000000d5d00000)
 ParOldGen       total 1077760K, used 1077326K [0x0000000080000000, 0x00000000c1c80000, 0x00000000d5580000)
  object space 1077760K, 99% used [0x0000000080000000,0x00000000c1c139f8,0x00000000c1c80000)
 Metaspace       used 85229K, committed 86976K, reserved 1179648K
  class space    used 8441K, committed 9216K, reserved 1048576K
}
Event: 1500.171 GC heap after
{Heap after GC invocations=3010 (full 5):
 PSYoungGen      total 5632K, used 1024K [0x00000000d5580000, 0x00000000d5e80000, 0x0000000100000000)
  eden space 4096K, 0% used [0x00000000d5580000,0x00000000d5580000,0x00000000d5980000)
  from space 1536K, 66% used [0x00000000d5b80000,0x00000000d5c80020,0x00000000d5d00000)
  to   space 1536K, 0% used [0x00000000d5d00000,0x00000000d5d00000,0x00000000d5e80000)
 ParOldGen       total 1077760K, used 1077342K [0x0000000080000000, 0x00000000c1c80000, 0x00000000d5580000)
  object space 1077760K, 99% used [0x0000000080000000,0x00000000c1c179f8,0x00000000c1c80000)
 Metaspace       used 85229K, committed 86976K, reserved 1179648K
  class space    used 8441K, committed 9216K, reserved 1048576K
}
Event: 1502.926 GC heap before
{Heap before GC invocations=3011 (full 5):
 PSYoungGen      total 5632K, used 5120K [0x00000000d5580000, 0x00000000d5e80000, 0x0000000100000000)
  eden space 4096K, 100% used [0x00000000d5580000,0x00000000d5980000,0x00000000d5980000)
  from space 1536K, 66% used [0x00000000d5b80000,0x00000000d5c80020,0x00000000d5d00000)
  to   space 1536K, 0% used [0x00000000d5d00000,0x00000000d5d00000,0x00000000d5e80000)
 ParOldGen       total 1077760K, used 1077342K [0x0000000080000000, 0x00000000c1c80000, 0x00000000d5580000)
  object space 1077760K, 99% used [0x0000000080000000,0x00000000c1c179f8,0x00000000c1c80000)
 Metaspace       used 85230K, committed 86976K, reserved 1179648K
  class space    used 8441K, committed 9216K, reserved 1048576K
}
Event: 1502.934 GC heap after
{Heap after GC invocations=3011 (full 5):
 PSYoungGen      total 4608K, used 432K [0x00000000d5580000, 0x00000000d5d80000, 0x0000000100000000)
  eden space 4096K, 0% used [0x00000000d5580000,0x00000000d5580000,0x00000000d5980000)
  from space 512K, 84% used [0x00000000d5d00000,0x00000000d5d6c030,0x00000000d5d80000)
  to   space 1024K, 0% used [0x00000000d5b80000,0x00000000d5b80000,0x00000000d5c80000)
 ParOldGen       total 1077760K, used 1077358K [0x0000000080000000, 0x00000000c1c80000, 0x00000000d5580000)
  object space 1077760K, 99% used [0x0000000080000000,0x00000000c1c1b9f8,0x00000000c1c80000)
 Metaspace       used 85230K, committed 86976K, reserved 1179648K
  class space    used 8441K, committed 9216K, reserved 1048576K
}
Event: 1503.424 GC heap before
{Heap before GC invocations=3012 (full 5):
 PSYoungGen      total 4608K, used 4528K [0x00000000d5580000, 0x00000000d5d80000, 0x0000000100000000)
  eden space 4096K, 100% used [0x00000000d5580000,0x00000000d5980000,0x00000000d5980000)
  from space 512K, 84% used [0x00000000d5d00000,0x00000000d5d6c030,0x00000000d5d80000)
  to   space 1024K, 0% used [0x00000000d5b80000,0x00000000d5b80000,0x00000000d5c80000)
 ParOldGen       total 1077760K, used 1077358K [0x0000000080000000, 0x00000000c1c80000, 0x00000000d5580000)
  object space 1077760K, 99% used [0x0000000080000000,0x00000000c1c1b9f8,0x00000000c1c80000)
 Metaspace       used 85230K, committed 86976K, reserved 1179648K
  class space    used 8441K, committed 9216K, reserved 1048576K
}
Event: 1503.429 GC heap after
{Heap after GC invocations=3012 (full 5):
 PSYoungGen      total 5120K, used 368K [0x00000000d5580000, 0x00000000d5d80000, 0x0000000100000000)
  eden space 4096K, 0% used [0x00000000d5580000,0x00000000d5580000,0x00000000d5980000)
  from space 1024K, 35% used [0x00000000d5b80000,0x00000000d5bdc010,0x00000000d5c80000)
  to   space 512K, 0% used [0x00000000d5d00000,0x00000000d5d00000,0x00000000d5d80000)
 ParOldGen       total 1077760K, used 1077394K [0x0000000080000000, 0x00000000c1c80000, 0x00000000d5580000)
  object space 1077760K, 99% used [0x0000000080000000,0x00000000c1c24958,0x00000000c1c80000)
 Metaspace       used 85230K, committed 86976K, reserved 1179648K
  class space    used 8441K, committed 9216K, reserved 1048576K
}
Event: 1503.488 GC heap before
{Heap before GC invocations=3013 (full 5):
 PSYoungGen      total 5120K, used 4464K [0x00000000d5580000, 0x00000000d5d80000, 0x0000000100000000)
  eden space 4096K, 100% used [0x00000000d5580000,0x00000000d5980000,0x00000000d5980000)
  from space 1024K, 35% used [0x00000000d5b80000,0x00000000d5bdc010,0x00000000d5c80000)
  to   space 512K, 0% used [0x00000000d5d00000,0x00000000d5d00000,0x00000000d5d80000)
 ParOldGen       total 1077760K, used 1077394K [0x0000000080000000, 0x00000000c1c80000, 0x00000000d5580000)
  object space 1077760K, 99% used [0x0000000080000000,0x00000000c1c24958,0x00000000c1c80000)
 Metaspace       used 85244K, committed 86976K, reserved 1179648K
  class space    used 8443K, committed 9216K, reserved 1048576K
}
Event: 1503.500 GC heap after
{Heap after GC invocations=3013 (full 5):
 PSYoungGen      total 4608K, used 480K [0x00000000d5580000, 0x00000000d5f80000, 0x0000000100000000)
  eden space 4096K, 0% used [0x00000000d5580000,0x00000000d5580000,0x00000000d5980000)
  from space 512K, 93% used [0x00000000d5d00000,0x00000000d5d78198,0x00000000d5d80000)
  to   space 3072K, 0% used [0x00000000d5980000,0x00000000d5980000,0x00000000d5c80000)
 ParOldGen       total 1079808K, used 1079563K [0x0000000080000000, 0x00000000c1e80000, 0x00000000d5580000)
  object space 1079808K, 99% used [0x0000000080000000,0x00000000c1e42dd0,0x00000000c1e80000)
 Metaspace       used 85244K, committed 86976K, reserved 1179648K
  class space    used 8443K, committed 9216K, reserved 1048576K
}
Event: 1503.608 GC heap before
{Heap before GC invocations=3014 (full 5):
 PSYoungGen      total 4608K, used 4576K [0x00000000d5580000, 0x00000000d5f80000, 0x0000000100000000)
  eden space 4096K, 100% used [0x00000000d5580000,0x00000000d5980000,0x00000000d5980000)
  from space 512K, 93% used [0x00000000d5d00000,0x00000000d5d78198,0x00000000d5d80000)
  to   space 3072K, 0% used [0x00000000d5980000,0x00000000d5980000,0x00000000d5c80000)
 ParOldGen       total 1079808K, used 1079563K [0x0000000080000000, 0x00000000c1e80000, 0x00000000d5580000)
  object space 1079808K, 99% used [0x0000000080000000,0x00000000c1e42dd0,0x00000000c1e80000)
 Metaspace       used 85248K, committed 86976K, reserved 1179648K
  class space    used 8443K, committed 9216K, reserved 1048576K
}
Event: 1503.617 GC heap after
{Heap after GC invocations=3014 (full 5):
 PSYoungGen      total 7168K, used 3072K [0x00000000d5580000, 0x00000000d6380000, 0x0000000100000000)
  eden space 4096K, 0% used [0x00000000d5580000,0x00000000d5580000,0x00000000d5980000)
  from space 3072K, 100% used [0x00000000d5980000,0x00000000d5c80000,0x00000000d5c80000)
  to   space 5120K, 0% used [0x00000000d5e80000,0x00000000d5e80000,0x00000000d6380000)
 ParOldGen       total 1080832K, used 1080771K [0x0000000080000000, 0x00000000c1f80000, 0x00000000d5580000)
  object space 1080832K, 99% used [0x0000000080000000,0x00000000c1f70f68,0x00000000c1f80000)
 Metaspace       used 85248K, committed 86976K, reserved 1179648K
  class space    used 8443K, committed 9216K, reserved 1048576K
}
Event: 1503.792 GC heap before
{Heap before GC invocations=3015 (full 5):
 PSYoungGen      total 7168K, used 7168K [0x00000000d5580000, 0x00000000d6380000, 0x0000000100000000)
  eden space 4096K, 100% used [0x00000000d5580000,0x00000000d5980000,0x00000000d5980000)
  from space 3072K, 100% used [0x00000000d5980000,0x00000000d5c80000,0x00000000d5c80000)
  to   space 5120K, 0% used [0x00000000d5e80000,0x00000000d5e80000,0x00000000d6380000)
 ParOldGen       total 1080832K, used 1080771K [0x0000000080000000, 0x00000000c1f80000, 0x00000000d5580000)
  object space 1080832K, 99% used [0x0000000080000000,0x00000000c1f70f68,0x00000000c1f80000)
 Metaspace       used 85277K, committed 87104K, reserved 1179648K
  class space    used 8447K, committed 9280K, reserved 1048576K
}

