# JRE version: OpenJDK Runtime Environment Temurin-21.0.8+9 (21.0.8+9) (build 21.0.8+9-LTS)
# Java VM: OpenJDK 64-Bit Server VM Temurin-21.0.8+9 (21.0.8+9-LTS, mixed mode, sharing, tiered, compressed oops, compressed class ptrs, parallel gc, windows-amd64)
GC Precious Log:
 CardTable entry size: 512
 CPUs: 2 total, 2 available
 Memory: 3910M
 Large Page Support: Disabled
 NUMA Support: Disabled
 Compressed Oops: Enabled (32-bit)
 Alignments: Space 512K, Generation 512K, Heap 2M
 Heap Min Capacity: 100M
 Heap Initial Capacity: 100M
 Heap Max Capacity: 2G
 Pre-touch: Disabled
 Parallel Workers: 2
Heap:
 PSYoungGen      total 2048K, used 906K [0x00000000d5580000, 0x00000000d5980000, 0x0000000100000000)
  eden space 1536K, 54% used [0x00000000d5580000,0x00000000d5652bd0,0x00000000d5700000)
  from space 512K, 12% used [0x00000000d5900000,0x00000000d5910000,0x00000000d5980000)
  to   space 512K, 0% used [0x00000000d5880000,0x00000000d5880000,0x00000000d5900000)
 ParOldGen       total 507904K, used 507454K [0x0000000080000000, 0x000000009f000000, 0x00000000d5580000)
  object space 507904K, 99% used [0x0000000080000000,0x000000009ef8f9b0,0x000000009f000000)
 Metaspace       used 80181K, committed 81856K, reserved 1179648K
  class space    used 8063K, committed 8832K, reserved 1048576K
GC Heap History (20 events):
Event: 745.039 GC heap before
{Heap before GC invocations=809 (full 4):
 PSYoungGen      total 2048K, used 1824K [0x00000000d5580000, 0x00000000d5980000, 0x0000000100000000)
  eden space 1536K, 100% used [0x00000000d5580000,0x00000000d5700000,0x00000000d5700000)
  from space 512K, 56% used [0x00000000d5900000,0x00000000d5948000,0x00000000d5980000)
  to   space 512K, 0% used [0x00000000d5880000,0x00000000d5880000,0x00000000d5900000)
 ParOldGen       total 505344K, used 505042K [0x0000000080000000, 0x000000009ed80000, 0x00000000d5580000)
  object space 505344K, 99% used [0x0000000080000000,0x000000009ed34900,0x000000009ed80000)
 Metaspace       used 80123K, committed 81856K, reserved 1179648K
  class space    used 8063K, committed 8832K, reserved 1048576K
}
Event: 745.042 GC heap after
{Heap after GC invocations=809 (full 4):
 PSYoungGen      total 2048K, used 480K [0x00000000d5580000, 0x00000000d5980000, 0x0000000100000000)
  eden space 1536K, 0% used [0x00000000d5580000,0x00000000d5580000,0x00000000d5700000)
  from space 512K, 93% used [0x00000000d5880000,0x00000000d58f8020,0x00000000d5900000)
  to   space 512K, 0% used [0x00000000d5900000,0x00000000d5900000,0x00000000d5980000)
 ParOldGen       total 505344K, used 505286K [0x0000000080000000, 0x000000009ed80000, 0x00000000d5580000)
  object space 505344K, 99% used [0x0000000080000000,0x000000009ed71b80,0x000000009ed80000)
 Metaspace       used 80123K, committed 81856K, reserved 1179648K
  class space    used 8063K, committed 8832K, reserved 1048576K
}
Event: 745.056 GC heap before
{Heap before GC invocations=810 (full 4):
 PSYoungGen      total 2048K, used 2016K [0x00000000d5580000, 0x00000000d5980000, 0x0000000100000000)
  eden space 1536K, 100% used [0x00000000d5580000,0x00000000d5700000,0x00000000d5700000)
  from space 512K, 93% used [0x00000000d5880000,0x00000000d58f8020,0x00000000d5900000)
  to   space 512K, 0% used [0x00000000d5900000,0x00000000d5900000,0x00000000d5980000)
 ParOldGen       total 505344K, used 505286K [0x0000000080000000, 0x000000009ed80000, 0x00000000d5580000)
  object space 505344K, 99% used [0x0000000080000000,0x000000009ed71b80,0x000000009ed80000)
 Metaspace       used 80123K, committed 81856K, reserved 1179648K
  class space    used 8063K, committed 8832K, reserved 1048576K
}
Event: 745.059 GC heap after
{Heap after GC invocations=810 (full 4):
 PSYoungGen      total 2048K, used 64K [0x00000000d5580000, 0x00000000d5980000, 0x0000000100000000)
  eden space 1536K, 0% used [0x00000000d5580000,0x00000000d5580000,0x00000000d5700000)
  from space 512K, 12% used [0x00000000d5900000,0x00000000d5910000,0x00000000d5980000)
  to   space 512K, 0% used [0x00000000d5880000,0x00000000d5880000,0x00000000d5900000)
 ParOldGen       total 505856K, used 505366K [0x0000000080000000, 0x000000009ee00000, 0x00000000d5580000)
  object space 505856K, 99% used [0x0000000080000000,0x000000009ed85ba0,0x000000009ee00000)
 Metaspace       used 80123K, committed 81856K, reserved 1179648K
  class space    used 8063K, committed 8832K, reserved 1048576K
}
Event: 745.570 GC heap before
{Heap before GC invocations=811 (full 4):
 PSYoungGen      total 2048K, used 1600K [0x00000000d5580000, 0x00000000d5980000, 0x0000000100000000)
  eden space 1536K, 100% used [0x00000000d5580000,0x00000000d5700000,0x00000000d5700000)
  from space 512K, 12% used [0x00000000d5900000,0x00000000d5910000,0x00000000d5980000)
  to   space 512K, 0% used [0x00000000d5880000,0x00000000d5880000,0x00000000d5900000)
 ParOldGen       total 505856K, used 505366K [0x0000000080000000, 0x000000009ee00000, 0x00000000d5580000)
  object space 505856K, 99% used [0x0000000080000000,0x000000009ed85ba0,0x000000009ee00000)
 Metaspace       used 80123K, committed 81856K, reserved 1179648K
  class space    used 8063K, committed 8832K, reserved 1048576K
}
Event: 745.573 GC heap after
{Heap after GC invocations=811 (full 4):
 PSYoungGen      total 2048K, used 160K [0x00000000d5580000, 0x00000000d5980000, 0x0000000100000000)
  eden space 1536K, 0% used [0x00000000d5580000,0x00000000d5580000,0x00000000d5700000)
  from space 512K, 31% used [0x00000000d5880000,0x00000000d58a8020,0x00000000d5900000)
  to   space 512K, 0% used [0x00000000d5900000,0x00000000d5900000,0x00000000d5980000)
 ParOldGen       total 505856K, used 505374K [0x0000000080000000, 0x000000009ee00000, 0x00000000d5580000)
  object space 505856K, 99% used [0x0000000080000000,0x000000009ed87ba0,0x000000009ee00000)
 Metaspace       used 80123K, committed 81856K, reserved 1179648K
  class space    used 8063K, committed 8832K, reserved 1048576K
}
Event: 745.590 GC heap before
{Heap before GC invocations=812 (full 4):
 PSYoungGen      total 2048K, used 1696K [0x00000000d5580000, 0x00000000d5980000, 0x0000000100000000)
  eden space 1536K, 100% used [0x00000000d5580000,0x00000000d5700000,0x00000000d5700000)
  from space 512K, 31% used [0x00000000d5880000,0x00000000d58a8020,0x00000000d5900000)
  to   space 512K, 0% used [0x00000000d5900000,0x00000000d5900000,0x00000000d5980000)
 ParOldGen       total 505856K, used 505374K [0x0000000080000000, 0x000000009ee00000, 0x00000000d5580000)
  object space 505856K, 99% used [0x0000000080000000,0x000000009ed87ba0,0x000000009ee00000)
 Metaspace       used 80123K, committed 81856K, reserved 1179648K
  class space    used 8063K, committed 8832K, reserved 1048576K
}
Event: 745.595 GC heap after
{Heap after GC invocations=812 (full 4):
 PSYoungGen      total 2048K, used 512K [0x00000000d5580000, 0x00000000d5980000, 0x0000000100000000)
  eden space 1536K, 0% used [0x00000000d5580000,0x00000000d5580000,0x00000000d5700000)
  from space 512K, 100% used [0x00000000d5900000,0x00000000d5980000,0x00000000d5980000)
  to   space 1024K, 0% used [0x00000000d5780000,0x00000000d5780000,0x00000000d5880000)
 ParOldGen       total 505856K, used 505636K [0x0000000080000000, 0x000000009ee00000, 0x00000000d5580000)
  object space 505856K, 99% used [0x0000000080000000,0x000000009edc9020,0x000000009ee00000)
 Metaspace       used 80123K, committed 81856K, reserved 1179648K
  class space    used 8063K, committed 8832K, reserved 1048576K
}
Event: 746.572 GC heap before
{Heap before GC invocations=813 (full 4):
 PSYoungGen      total 2048K, used 2047K [0x00000000d5580000, 0x00000000d5980000, 0x0000000100000000)
  eden space 1536K, 99% used [0x00000000d5580000,0x00000000d56fffe0,0x00000000d5700000)
  from space 512K, 100% used [0x00000000d5900000,0x00000000d5980000,0x00000000d5980000)
  to   space 1024K, 0% used [0x00000000d5780000,0x00000000d5780000,0x00000000d5880000)
 ParOldGen       total 505856K, used 505636K [0x0000000080000000, 0x000000009ee00000, 0x00000000d5580000)
  object space 505856K, 99% used [0x0000000080000000,0x000000009edc9020,0x000000009ee00000)
 Metaspace       used 80131K, committed 81856K, reserved 1179648K
  class space    used 8063K, committed 8832K, reserved 1048576K
}
Event: 746.576 GC heap after
{Heap after GC invocations=813 (full 4):
 PSYoungGen      total 2560K, used 256K [0x00000000d5580000, 0x00000000d5980000, 0x0000000100000000)
  eden space 1536K, 0% used [0x00000000d5580000,0x00000000d5580000,0x00000000d5700000)
  from space 1024K, 25% used [0x00000000d5780000,0x00000000d57c0000,0x00000000d5880000)
  to   space 512K, 0% used [0x00000000d5900000,0x00000000d5900000,0x00000000d5980000)
 ParOldGen       total 506368K, used 506156K [0x0000000080000000, 0x000000009ee80000, 0x00000000d5580000)
  object space 506368K, 99% used [0x0000000080000000,0x000000009ee4b030,0x000000009ee80000)
 Metaspace       used 80131K, committed 81856K, reserved 1179648K
  class space    used 8063K, committed 8832K, reserved 1048576K
}
Event: 747.244 GC heap before
{Heap before GC invocations=814 (full 4):
 PSYoungGen      total 2560K, used 1792K [0x00000000d5580000, 0x00000000d5980000, 0x0000000100000000)
  eden space 1536K, 100% used [0x00000000d5580000,0x00000000d5700000,0x00000000d5700000)
  from space 1024K, 25% used [0x00000000d5780000,0x00000000d57c0000,0x00000000d5880000)
  to   space 512K, 0% used [0x00000000d5900000,0x00000000d5900000,0x00000000d5980000)
 ParOldGen       total 506368K, used 506156K [0x0000000080000000, 0x000000009ee80000, 0x00000000d5580000)
  object space 506368K, 99% used [0x0000000080000000,0x000000009ee4b030,0x000000009ee80000)
 Metaspace       used 80131K, committed 81856K, reserved 1179648K
  class space    used 8063K, committed 8832K, reserved 1048576K
}
Event: 747.247 GC heap after
{Heap after GC invocations=814 (full 4):
 PSYoungGen      total 2048K, used 304K [0x00000000d5580000, 0x00000000d5980000, 0x0000000100000000)
  eden space 1536K, 0% used [0x00000000d5580000,0x00000000d5580000,0x00000000d5700000)
  from space 512K, 59% used [0x00000000d5900000,0x00000000d594c030,0x00000000d5980000)
  to   space 512K, 0% used [0x00000000d5880000,0x00000000d5880000,0x00000000d5900000)
 ParOldGen       total 506880K, used 506376K [0x0000000080000000, 0x000000009ef00000, 0x00000000d5580000)
  object space 506880K, 99% used [0x0000000080000000,0x000000009ee82270,0x000000009ef00000)
 Metaspace       used 80131K, committed 81856K, reserved 1179648K
  class space    used 8063K, committed 8832K, reserved 1048576K
}
Event: 747.268 GC heap before
{Heap before GC invocations=815 (full 4):
 PSYoungGen      total 2048K, used 1840K [0x00000000d5580000, 0x00000000d5980000, 0x0000000100000000)
  eden space 1536K, 100% used [0x00000000d5580000,0x00000000d5700000,0x00000000d5700000)
  from space 512K, 59% used [0x00000000d5900000,0x00000000d594c030,0x00000000d5980000)
  to   space 512K, 0% used [0x00000000d5880000,0x00000000d5880000,0x00000000d5900000)
 ParOldGen       total 506880K, used 506376K [0x0000000080000000, 0x000000009ef00000, 0x00000000d5580000)
  object space 506880K, 99% used [0x0000000080000000,0x000000009ee82270,0x000000009ef00000)
 Metaspace       used 80140K, committed 81856K, reserved 1179648K
  class space    used 8063K, committed 8832K, reserved 1048576K
}
Event: 747.274 GC heap after
{Heap after GC invocations=815 (full 4):
 PSYoungGen      total 2048K, used 512K [0x00000000d5580000, 0x00000000d5980000, 0x0000000100000000)
  eden space 1536K, 0% used [0x00000000d5580000,0x00000000d5580000,0x00000000d5700000)
  from space 512K, 100% used [0x00000000d5880000,0x00000000d5900000,0x00000000d5900000)
  to   space 512K, 0% used [0x00000000d5900000,0x00000000d5900000,0x00000000d5980000)
 ParOldGen       total 506880K, used 506769K [0x0000000080000000, 0x000000009ef00000, 0x00000000d5580000)
  object space 506880K, 99% used [0x0000000080000000,0x000000009eee4710,0x000000009ef00000)
 Metaspace       used 80140K, committed 81856K, reserved 1179648K
  class space    used 8063K, committed 8832K, reserved 1048576K
}
Event: 748.206 GC heap before
{Heap before GC invocations=816 (full 4):
 PSYoungGen      total 2048K, used 2047K [0x00000000d5580000, 0x00000000d5980000, 0x0000000100000000)
  eden space 1536K, 99% used [0x00000000d5580000,0x00000000d56ffff8,0x00000000d5700000)
  from space 512K, 100% used [0x00000000d5880000,0x00000000d5900000,0x00000000d5900000)
  to   space 512K, 0% used [0x00000000d5900000,0x00000000d5900000,0x00000000d5980000)
 ParOldGen       total 506880K, used 506769K [0x0000000080000000, 0x000000009ef00000, 0x00000000d5580000)
  object space 506880K, 99% used [0x0000000080000000,0x000000009eee4710,0x000000009ef00000)
 Metaspace       used 80167K, committed 81856K, reserved 1179648K
  class space    used 8063K, committed 8832K, reserved 1048576K
}
Event: 748.210 GC heap after
{Heap after GC invocations=816 (full 4):
 PSYoungGen      total 2048K, used 96K [0x00000000d5580000, 0x00000000d5980000, 0x0000000100000000)
  eden space 1536K, 0% used [0x00000000d5580000,0x00000000d5580000,0x00000000d5700000)
  from space 512K, 18% used [0x00000000d5900000,0x00000000d5918000,0x00000000d5980000)
  to   space 512K, 0% used [0x00000000d5880000,0x00000000d5880000,0x00000000d5900000)
 ParOldGen       total 507392K, used 507289K [0x0000000080000000, 0x000000009ef80000, 0x00000000d5580000)
  object space 507392K, 99% used [0x0000000080000000,0x000000009ef66710,0x000000009ef80000)
 Metaspace       used 80167K, committed 81856K, reserved 1179648K
  class space    used 8063K, committed 8832K, reserved 1048576K
}
Event: 748.255 GC heap before
{Heap before GC invocations=817 (full 4):
 PSYoungGen      total 2048K, used 1632K [0x00000000d5580000, 0x00000000d5980000, 0x0000000100000000)
  eden space 1536K, 100% used [0x00000000d5580000,0x00000000d5700000,0x00000000d5700000)
  from space 512K, 18% used [0x00000000d5900000,0x00000000d5918000,0x00000000d5980000)
  to   space 512K, 0% used [0x00000000d5880000,0x00000000d5880000,0x00000000d5900000)
 ParOldGen       total 507392K, used 507289K [0x0000000080000000, 0x000000009ef80000, 0x00000000d5580000)
  object space 507392K, 99% used [0x0000000080000000,0x000000009ef66710,0x000000009ef80000)
 Metaspace       used 80167K, committed 81856K, reserved 1179648K
  class space    used 8063K, committed 8832K, reserved 1048576K
}
Event: 748.257 GC heap after
{Heap after GC invocations=817 (full 4):
 PSYoungGen      total 2048K, used 368K [0x00000000d5580000, 0x00000000d5980000, 0x0000000100000000)
  eden space 1536K, 0% used [0x00000000d5580000,0x00000000d5580000,0x00000000d5700000)
  from space 512K, 71% used [0x00000000d5880000,0x00000000d58dc030,0x00000000d5900000)
  to   space 512K, 0% used [0x00000000d5900000,0x00000000d5900000,0x00000000d5980000)
 ParOldGen       total 507392K, used 507374K [0x0000000080000000, 0x000000009ef80000, 0x00000000d5580000)
  object space 507392K, 99% used [0x0000000080000000,0x000000009ef7b990,0x000000009ef80000)
 Metaspace       used 80167K, committed 81856K, reserved 1179648K
  class space    used 8063K, committed 8832K, reserved 1048576K
}
Event: 748.278 GC heap before
{Heap before GC invocations=818 (full 4):
 PSYoungGen      total 2048K, used 1904K [0x00000000d5580000, 0x00000000d5980000, 0x0000000100000000)
  eden space 1536K, 100% used [0x00000000d5580000,0x00000000d5700000,0x00000000d5700000)
  from space 512K, 71% used [0x00000000d5880000,0x00000000d58dc030,0x00000000d5900000)
  to   space 512K, 0% used [0x00000000d5900000,0x00000000d5900000,0x00000000d5980000)
 ParOldGen       total 507392K, used 507374K [0x0000000080000000, 0x000000009ef80000, 0x00000000d5580000)
  object space 507392K, 99% used [0x0000000080000000,0x000000009ef7b990,0x000000009ef80000)
 Metaspace       used 80180K, committed 81856K, reserved 1179648K
  class space    used 8063K, committed 8832K, reserved 1048576K
}
Event: 748.282 GC heap after
{Heap after GC invocations=818 (full 4):
 PSYoungGen      total 2048K, used 64K [0x00000000d5580000, 0x00000000d5980000, 0x0000000100000000)
  eden space 1536K, 0% used [0x00000000d5580000,0x00000000d5580000,0x00000000d5700000)
  from space 512K, 12% used [0x00000000d5900000,0x00000000d5910000,0x00000000d5980000)
  to   space 512K, 0% used [0x00000000d5880000,0x00000000d5880000,0x00000000d5900000)
 ParOldGen       total 507904K, used 507454K [0x0000000080000000, 0x000000009f000000, 0x00000000d5580000)
  object space 507904K, 99% used [0x0000000080000000,0x000000009ef8f9b0,0x000000009f000000)
 Metaspace       used 80180K, committed 81856K, reserved 1179648K
  class space    used 8063K, committed 8832K, reserved 1048576K
}

